<?xml version="1.0" encoding="UTF-8"?>
<!-- Generated by org.testng.reporters.JUnitReportReporter -->
<testsuite hostname="LAPTOP-FVD34J0K" failures="0" tests="1" name="tests.LoginTests" time="9.556" errors="0" timestamp="2025-06-24T21:21:11 IST" skipped="0">
  <testcase classname="tests.LoginTests" name="testvalidLogin" time="9.556"/>
</testsuite> <!-- tests.LoginTests -->
